Using pre-set license

 COMMAND LINE ARGUMENTS:
/Applications/Unity/Hub/Editor/2020.3.3f1/Unity.app/Contents/MacOS/Unity
-adb2
-batchMode
-noUpm
-name
AssetImportWorker0
-projectPath
/Users/caknight/Unity/Speed Snap
-logFile
Logs/AssetImportWorker0.log
-srvPort
52641
Successfully changed project path to: /Users/caknight/Unity/Speed Snap
/Users/caknight/Unity/Speed Snap
Using Asset Import Pipeline V2.
Refreshing native plugins compatible for Editor in 44.96 ms, found 2 plugins.
Preloading 0 native plugins for Editor in 0.00 ms.
Initialize engine version: 2020.3.3f1 (76626098c1c4)
[Subsystems] Discovering subsystems at path /Applications/Unity/Hub/Editor/2020.3.3f1/Unity.app/Contents/Resources/UnitySubsystems
[Subsystems] Discovering subsystems at path /Users/caknight/Unity/Speed Snap/Assets
GfxDevice: creating device client; threaded=0
2021-04-30 12:03:30.891 Unity[62097:1277655] 27MQ95FSHDRU preferred device: AMD Radeon Pro 560X (high power)
2021-04-30 12:03:30.891 Unity[62097:1277655] Metal devices available: 2
2021-04-30 12:03:30.891 Unity[62097:1277655] 0: AMD Radeon Pro 560X (high power)
2021-04-30 12:03:30.891 Unity[62097:1277655] 1: Intel(R) UHD Graphics 630 (low power)
2021-04-30 12:03:30.891 Unity[62097:1277655] Using device AMD Radeon Pro 560X (high power)
Initializing Metal device caps: AMD Radeon Pro 560X
Initialize mono
Mono path[0] = '/Applications/Unity/Hub/Editor/2020.3.3f1/Unity.app/Contents/Managed'
Mono path[1] = '/Applications/Unity/Hub/Editor/2020.3.3f1/Unity.app/Contents/MonoBleedingEdge/lib/mono/unityjit'
Mono config path = '/Applications/Unity/Hub/Editor/2020.3.3f1/Unity.app/Contents/MonoBleedingEdge/etc'
Using monoOptions --debugger-agent=transport=dt_socket,embedding=1,server=y,suspend=n,address=127.0.0.1:56097
Begin MonoManager ReloadAssembly
Registering precompiled unity dll's ...
Register platform support module: /Applications/Unity/Hub/Editor/2020.3.3f1/Unity.app/Contents/PlaybackEngines/MacStandaloneSupport/UnityEditor.OSXStandalone.Extensions.dll
Registered in 0.000488 seconds.
Native extension for OSXStandalone target not found
Refreshing native plugins compatible for Editor in 31.86 ms, found 2 plugins.
Preloading 0 native plugins for Editor in 0.00 ms.
Invoked RoslynAnalysisRunner static constructor.
RoslynAnalysisRunner will not be running.
RoslynAnalysisRunner has terminated.
Mono: successfully reloaded assembly
- Completed reload, in  2.695 seconds
Platform modules already initialized, skipping
Registering precompiled user dll's ...
Registered in 0.000467 seconds.
Begin MonoManager ReloadAssembly
Native extension for OSXStandalone target not found
Refreshing native plugins compatible for Editor in 31.81 ms, found 2 plugins.
Preloading 0 native plugins for Editor in 0.00 ms.
Invoked RoslynAnalysisRunner static constructor.
RoslynAnalysisRunner will not be running.
RoslynAnalysisRunner has terminated.
Mono: successfully reloaded assembly
- Completed reload, in  0.995 seconds
Platform modules already initialized, skipping
========================================================================
Worker process is ready to serve import requests
Launching external process: /Applications/Unity/Hub/Editor/2020.3.3f1/Unity.app/Contents/Tools/UnityShaderCompiler
Launched and connected shader compiler UnityShaderCompiler after 0.01 seconds
Refreshing native plugins compatible for Editor in 0.36 ms, found 2 plugins.
Preloading 0 native plugins for Editor in 0.00 ms.
Unloading 1826 Unused Serialized files (Serialized files now loaded: 0)
System memory in use before: 151.5 MB.
System memory in use after: 151.5 MB.

Unloading 24 unused Assets to reduce memory usage. Loaded Objects now: 2269.
Total: 2.507995 ms (FindLiveObjects: 0.213301 ms CreateObjectMapping: 0.095798 ms MarkObjects: 2.041246 ms  DeleteObjects: 0.156483 ms)

========================================================================
Received Import Request.
  path: Assets/Resources/Graphics/Cards
  artifactKey: Guid(8264c86c5d140419f9fc06b68d722ab7) Importer(815301076,1909f56bfc062723c751e8b465ee728b)
Start importing Assets/Resources/Graphics/Cards using Guid(8264c86c5d140419f9fc06b68d722ab7) Importer(815301076,1909f56bfc062723c751e8b465ee728b)  -> (artifact id: 'b717264c782ac5e101e6d93d29843e98') in 0.004223 seconds
  Import took 0.007606 seconds .

